0 info it worked if it ends with ok
1 verbose cli [ '/home/rikhart/.nvm/versions/node/v4.2.3/bin/node',
1 verbose cli   '/home/rikhart/.nvm/versions/node/v4.2.3/bin/npm',
1 verbose cli   'publish',
1 verbose cli   '--force' ]
2 info using npm@3.5.2
3 info using node@v4.2.3
4 warn using --force I sure hope you know what you are doing.
5 verbose publish [ '.' ]
6 silly cache add args [ '.', null ]
7 verbose cache add spec .
8 silly cache add parsed spec Result {
8 silly cache add   raw: '.',
8 silly cache add   scope: null,
8 silly cache add   name: null,
8 silly cache add   rawSpec: '.',
8 silly cache add   spec: '/home/rikhart/Escritorio/loopback-slug',
8 silly cache add   type: 'directory' }
9 verbose addLocalDirectory /home/rikhart/.npm/loopback-slug/0.1.3/package.tgz not in flight; packing
10 info lifecycle loopback-slug@0.1.3~prepublish: loopback-slug@0.1.3
11 verbose lifecycle loopback-slug@0.1.3~prepublish: unsafe-perm in lifecycle true
12 verbose lifecycle loopback-slug@0.1.3~prepublish: PATH: /home/rikhart/.nvm/versions/node/v4.2.3/lib/node_modules/npm/bin/node-gyp-bin:/home/rikhart/Escritorio/loopback-slug/node_modules/.bin:/home/rikhart/.gvm/pkgsets/go1.4/global/bin:/home/rikhart/.gvm/gos/go1.4/bin:/home/rikhart/.gvm/pkgsets/go1.4/global/overlay/bin:/home/rikhart/.gvm/bin:/home/rikhart/.gvm/bin:/home/rikhart/.nvm/versions/node/v4.2.3/bin:/home/rikhart/.gvm/pkgsets/go1.4/global/bin:/home/rikhart/.gvm/gos/go1.4/bin:/home/rikhart/.gvm/pkgsets/go1.4/global/overlay/bin:/home/rikhart/.gvm/bin:/home/rikhart/.gvm/bin:/usr/local/sbin:/usr/local/bin:/usr/sbin:/usr/bin:/sbin:/bin:/usr/games:/usr/local/games:/usr/lib/jvm/java-8-oracle/bin:/usr/lib/jvm/java-8-oracle/db/bin:/usr/lib/jvm/java-8-oracle/jre/bin:/home/rikhart/.rvm/bin:/home/rikhart/.rvm/bin:/usr/lib/jvm/java-8-oracle/bin:/usr/lib/jvm/java-8-oracle/db/bin:/usr/lib/jvm/java-8-oracle/jre/bin:/home/rikhart/.rvm/bin:/home/rikhart/.rvm/bin
13 verbose lifecycle loopback-slug@0.1.3~prepublish: CWD: /home/rikhart/Escritorio/loopback-slug
14 silly lifecycle loopback-slug@0.1.3~prepublish: Args: [ '-c', 'gulp prepublish' ]
15 silly lifecycle loopback-slug@0.1.3~prepublish: Returned: code: 0  signal: null
16 verbose tar pack [ '/home/rikhart/.npm/loopback-slug/0.1.3/package.tgz',
16 verbose tar pack   '/home/rikhart/Escritorio/loopback-slug' ]
17 verbose tarball /home/rikhart/.npm/loopback-slug/0.1.3/package.tgz
18 verbose folder /home/rikhart/Escritorio/loopback-slug
19 verbose addLocalTarball adding from inside cache /home/rikhart/.npm/loopback-slug/0.1.3/package.tgz
20 silly cache afterAdd loopback-slug@0.1.3
21 verbose afterAdd /home/rikhart/.npm/loopback-slug/0.1.3/package/package.json not in flight; writing
22 verbose afterAdd /home/rikhart/.npm/loopback-slug/0.1.3/package/package.json written
23 silly publish { name: 'loopback-slug',
23 silly publish   version: '0.1.3',
23 silly publish   description: 'url friendly generator for loopback.io framework.',
23 silly publish   homepage: 'https://github.com/rikhart/loopback-slug#readme',
23 silly publish   repository:
23 silly publish    { type: 'git',
23 silly publish      url: 'git+https://github.com/rikhart/loopback-slug.git' },
23 silly publish   author: { name: 'Dick Van Ocampo Davila', email: 'jholarck@gmail.com' },
23 silly publish   files: [ 'lib' ],
23 silly publish   main: 'dist/index.js',
23 silly publish   keywords: [],
23 silly publish   devDependencies:
23 silly publish    { gulp: '^3.6.0',
23 silly publish      'gulp-eslint': '^1.0.0',
23 silly publish      'gulp-exclude-gitignore': '^1.0.0',
23 silly publish      'gulp-istanbul': '^0.9.0',
23 silly publish      'gulp-mocha': '^2.0.0',
23 silly publish      'gulp-plumber': '^1.0.0',
23 silly publish      'gulp-nsp': '^2.1.0',
23 silly publish      'gulp-coveralls': '^0.1.0',
23 silly publish      'gulp-babel': '^5.1.0',
23 silly publish      del: '^2.0.2',
23 silly publish      'babel-core': '^5.5.0',
23 silly publish      isparta: '^3.0.3' },
23 silly publish   scripts: { prepublish: 'gulp prepublish', test: 'gulp' },
23 silly publish   license: 'Apache-2.0',
23 silly publish   dependencies: { slug: '^0.9.1' },
23 silly publish   readme: '# loopback-slug\n\nurl friendly generator for loopback.io framework.\n\n[![build status](https://raw.githubusercontent.com/Rikhart/loopback-slug/master/dicko.png)](http://travis-ci.org/rikhart/loopback-slug)\n\n## Installation\n\nThis module is installed via npm:\n\n``` bash\n$ npm install loopback-slug\nor\n$ npm install git://github.com/rikhart/loopback-slug.git\n```\n\n## Example Usage\nEdit the /common/models/name_of_your_models.js and add a hook method.\nUse the hook "beforeSave" method to add the functionality, pass the Model,newdata,and the configoptions.\n\n## Configoptions:(json object)\n* **separator** (Default: \'-\') - Separator to use for characters.\n* **slug** (Default: \'slug\') - Parts that are uploaded simultaneously.\n* **fields** (Default: \'title\') - Array that will use to form the slug.\n* **lowercase** (Default: false) - Convert the slug to lowercase.\n\n``` js\n\nWorks in last loopback Version, where currentInstance is part of the ctx.\n\nvar loopbackslug=require("loopback-slug");\nmodule.exports = function (Category) {\n  Category.observe(\'before save\', function (ctx, next) {  //!!important\n    loopbackslug.middleware(Category, ctx, {\n      fields: [\'name\'],\n      slug: "slug"\n    }, function (err) {\n      if (err) return next(err);\n      else next(null);\n    });\n  });\n};\n\n```\n\n## License\n\nApache-2.0 © [Dick Van Ocampo Davila]()\n\n\n[npm-image]: https://badge.fury.io/js/loopback-slug.svg\n[npm-url]: https://npmjs.org/package/loopback-slug\n[travis-image]: https://travis-ci.org/rikhart/loopback-slug.svg?branch=master\n[travis-url]: https://travis-ci.org/rikhart/loopback-slug\n[daviddm-image]: https://david-dm.org/rikhart/loopback-slug.svg?theme=shields.io\n[daviddm-url]: https://david-dm.org/rikhart/loopback-slug\n[coveralls-image]: https://coveralls.io/repos/rikhart/loopback-slug/badge.svg\n[coveralls-url]: https://coveralls.io/r/rikhart/loopback-slug\n',
23 silly publish   readmeFilename: 'README.md',
23 silly publish   gitHead: '0c6c3a4b3b4d0b38a6085cd787f13ddfdf04278d',
23 silly publish   bugs: { url: 'https://github.com/rikhart/loopback-slug/issues' },
23 silly publish   _id: 'loopback-slug@0.1.3',
23 silly publish   _shasum: '0eb4fe07988706a3d7879b717f03680fb700aaf0',
23 silly publish   _from: '.' }
24 verbose getPublishConfig undefined
25 silly mapToRegistry name loopback-slug
26 silly mapToRegistry using default registry
27 silly mapToRegistry registry https://registry.npmjs.org/
28 silly mapToRegistry uri https://registry.npmjs.org/loopback-slug
29 verbose publish registryBase https://registry.npmjs.org/
30 silly publish uploading /home/rikhart/.npm/loopback-slug/0.1.3/package.tgz
31 verbose request uri https://registry.npmjs.org/loopback-slug
32 verbose request sending authorization for write operation
33 info attempt registry request try #1 at 11:20:42
34 verbose request using bearer token for auth
35 verbose request id c7885038d05b4312
36 http request PUT https://registry.npmjs.org/loopback-slug
37 http 403 https://registry.npmjs.org/loopback-slug
38 verbose headers { 'content-type': 'application/json',
38 verbose headers   'cache-control': 'max-age=300',
38 verbose headers   'content-length': '95',
38 verbose headers   'accept-ranges': 'bytes',
38 verbose headers   date: 'Thu, 28 Jan 2016 16:20:43 GMT',
38 verbose headers   via: '1.1 varnish',
38 verbose headers   connection: 'keep-alive',
38 verbose headers   'x-served-by': 'cache-atl6233-ATL',
38 verbose headers   'x-cache': 'MISS',
38 verbose headers   'x-cache-hits': '0',
38 verbose headers   'x-timer': 'S1453998042.983597,VS0,VE871' }
39 verbose request invalidating /home/rikhart/.npm/registry.npmjs.org/loopback-slug on PUT
40 error publish Failed PUT 403
41 verbose stack Error: "You cannot publish over the previously published version 0.1.3." : loopback-slug
41 verbose stack     at makeError (/home/rikhart/.nvm/versions/node/v4.2.3/lib/node_modules/npm/node_modules/npm-registry-client/lib/request.js:264:12)
41 verbose stack     at CachingRegistryClient.<anonymous> (/home/rikhart/.nvm/versions/node/v4.2.3/lib/node_modules/npm/node_modules/npm-registry-client/lib/request.js:252:14)
41 verbose stack     at Request._callback (/home/rikhart/.nvm/versions/node/v4.2.3/lib/node_modules/npm/node_modules/npm-registry-client/lib/request.js:172:14)
41 verbose stack     at Request.self.callback (/home/rikhart/.nvm/versions/node/v4.2.3/lib/node_modules/npm/node_modules/request/request.js:198:22)
41 verbose stack     at emitTwo (events.js:87:13)
41 verbose stack     at Request.emit (events.js:172:7)
41 verbose stack     at Request.<anonymous> (/home/rikhart/.nvm/versions/node/v4.2.3/lib/node_modules/npm/node_modules/request/request.js:1082:10)
41 verbose stack     at emitOne (events.js:82:20)
41 verbose stack     at Request.emit (events.js:169:7)
41 verbose stack     at IncomingMessage.<anonymous> (/home/rikhart/.nvm/versions/node/v4.2.3/lib/node_modules/npm/node_modules/request/request.js:1009:12)
42 verbose statusCode 403
43 verbose pkgid loopback-slug
44 verbose cwd /home/rikhart/Escritorio/loopback-slug
45 error Linux 3.19.0-47-generic
46 error argv "/home/rikhart/.nvm/versions/node/v4.2.3/bin/node" "/home/rikhart/.nvm/versions/node/v4.2.3/bin/npm" "publish" "--force"
47 error node v4.2.3
48 error npm  v3.5.2
49 error code E403
50 error "You cannot publish over the previously published version 0.1.3." : loopback-slug
51 error If you need help, you may report this error at:
51 error     <https://github.com/npm/npm/issues>
52 verbose exit [ 1, true ]
